<?xml version="1.0" encoding="UTF-8"?>
<!-- Generated by org.testng.reporters.JUnitReportReporter -->
<testsuite hostname="BHH" failures="0" tests="1" name="pckg.Streams" time="0.011" errors="0" timestamp="2024-11-24T23:41:53 WEST" skipped="0">
  <testcase classname="pckg.Streams" name="streamAssignment" time="0.011"/>
</testsuite> <!-- pckg.Streams -->
